build/app/outputs/mapping/release/usage.txt
com.example.project_flutter_app.R$dimen
com.example.project_flutter_app.R$style
com.example.project_flutter_app.R$integer
com.example.project_flutter_app.R$id
com.example.project_flutter_app.R$string
com.example.project_flutter_app.R$color
com.example.project_flutter_app.R$mipmap
com.example.project_flutter_app.R$attr
com.example.project_flutter_app.R$drawable
com.example.project_flutter_app.BuildConfig
com.example.project_flutter_app.R
com.example.project_flutter_app.R$styleable
com.example.project_flutter_app.R$layout
...
com.google.common.util.concurrent.ListenableScheduledFuture
com.google.errorprone.annotations.RequiredModifiers
androidx.annotation.IntRange
com.google.common.hash.Murmur3_32HashFunction
com.google.common.cache.CacheStats
com.google.common.cache.LocalCache$WriteQueue$2
com.google.errorprone.annotations.RestrictedApi
androidx.core.text.BidiFormatter$DirectionalityEstimator
io.flutter.plugin.common.MethodChannel:
    public void resizeChannelBuffer(int)
    private static final java.lang.String TAG
com.google.common.collect.MultimapBuilder$HashSetSupplier
org.jetbrains.annotations.TestOnly
kotlin.collections.AbstractMap$keys$1
com.google.common.eventbus.Subscriber
kotlin.jvm.internal.MutablePropertyReference2Impl
kotlin.time.ClockMark
com.google.common.util.concurrent.MoreExecutors
com.google.common.util.concurrent.JdkFutureAdapters$ListenableFutureAdapter
com.google.common.collect.Synchronized$SynchronizedRandomAccessList
kotlin.collections.FloatIterator
kotlin.coroutines.intrinsics.IntrinsicsKt__IntrinsicsJvmKt$createCoroutineUnintercepted$$inlined$createCoroutineFromSuspendFunction$IntrinsicsKt__IntrinsicsJvmKt$2
com.google.common.hash.AbstractNonStreamingHashFunction$ExposedByteArrayOutputStream
com.google.common.cache.CacheBuilder$NullListener
kotlin.io.ByteStreamsKt
kotlin.comparisons.UComparisonsKt
kotlin.comparisons.ComparisonsKt___ComparisonsJvmKt
com.google.common.util.concurrent.FuturesGetChecked$GetCheckedTypeValidatorHolder$ClassValueValidator
kotlin.collections.ArraysKt___ArraysKt$withIndex$2
javax.annotation.WillCloseWhenClosed
kotlin.collections.CollectionsKt__IteratorsJVMKt
kotlin.jvm.functions.Function14
kotlin.io.TextStreamsKt$readLines$1
androidx.core.widget.ListViewCompat
com.google.common.io.LittleEndianDataOutputStream
androidx.core.R$dimen
androidx.core.view.ViewCompat$FocusRealDirection
kotlin.coroutines.experimental.migration.ContextMigration$Key
com.google.common.base.FinalizableReferenceQueue$SystemLoader
kotlin.io.LinesSequence$iterator$1
androidx.core.app.JobIntentService$GenericWorkItem
com.google.common.collect.SortedLists$KeyPresentBehavior$5
com.google.common.collect.LinkedHashMultimap$ValueSetLink
androidx.core.provider.SelfDestructiveThread$2$1
com.google.common.collect.TreeMultiset$2
kotlin.comparisons.ComparisonsKt___ComparisonsKt
com.google.j2objc.annotations.WeakOuter
org.intellij.lang.annotations.JdkConstants$TitledBorderTitlePosition
com.google.common.collect.StandardTable$ColumnKeySet
androidx.customview.widget.FocusStrategy$CollectionAdapter
com.google.common.collect.MapMakerInternalMap$1
androidx.core.view.accessibility.AccessibilityViewCommand
com.google.common.collect.HashBiMap$KeySet
com.google.common.collect.MapMakerInternalMap$WeakKeyWeakValueSegment
com.google.common.collect.MapMakerInternalMap$HashIterator
com.google.common.collect.RegularImmutableMultiset$ElementSet
org.jetbrains.annotations.Nullable
com.google.common.reflect.TypeToInstanceMap
com.google.common.util.concurrent.CycleDetectingLockFactory$Policy
kotlin.text.StringsKt__StringsKt$splitToSequence$1
kotlin.coroutines.jvm.internal.CompletedContinuation
io.flutter.plugin.common.PluginRegistry$Registrar
com.google.common.collect.CompactHashMap$EntrySetView
com.google.errorprone.annotations.Var
kotlin.ExceptionsKt__ExceptionsKt
kotlin.ranges.RangesKt___RangesKt
kotlin.WasExperimental
com.google.common.util.concurrent.ServiceManager$ServiceManagerState$StoppedGuard
com.google.common.collect.Iterators$2
androidx.core.text.PrecomputedTextCompat$Params$Builder
kotlin.collections.ArraysKt___ArraysKt$asIterable$$inlined$Iterable$5
androidx.annotation.DrawableRes
io.flutter.plugin.platform.PlatformViewRegistryImpl:
    public boolean registerViewFactory(java.lang.String,io.flutter.plugin.platform.PlatformViewFactory)
com.google.common.collect.Multimaps$CustomMultimap
kotlin.collections.ArraysKt
com.google.common.io.CharStreams$NullWriter
kotlin.comparisons.ComparisonsKt__ComparisonsKt$compareBy$1